Build started 12.09.2017 18:11:26.
     1>Project "C:\Users\jwingert\Documents\Arduino\hackathon_rc_udp\udpserver\udpserver\udpserver.vcxproj" on node 2 (Build target(s)).
     1>ClCompile:
         C:\Program Files (x86)\Microsoft Visual Studio 12.0\VC\bin\CL.exe /c /ZI /nologo /W3 /WX- /Od /Oy- /D WIN32 /D _DEBUG /D _CONSOLE /D _LIB /D _UNICODE /D UNICODE /Gm /EHsc /RTC1 /MDd /GS /Zc:wchar_t /Zc:forScope /Fo"Debug\\" /Fd"Debug\vc120.pdb" /Gd /TP /analyze- /errorReport:prompt CommTransmitter.cpp
         CommTransmitter.cpp
     1>c:\users\jwingert\documents\arduino\hackathon_rc_udp\udpserver\udpserver\practicalsocket.h(71): warning C4290: C++ exception specification ignored except to indicate a function is not __declspec(nothrow)
     1>c:\users\jwingert\documents\arduino\hackathon_rc_udp\udpserver\udpserver\practicalsocket.h(78): warning C4290: C++ exception specification ignored except to indicate a function is not __declspec(nothrow)
     1>c:\users\jwingert\documents\arduino\hackathon_rc_udp\udpserver\udpserver\practicalsocket.h(86): warning C4290: C++ exception specification ignored except to indicate a function is not __declspec(nothrow)
     1>c:\users\jwingert\documents\arduino\hackathon_rc_udp\udpserver\udpserver\practicalsocket.h(97): warning C4290: C++ exception specification ignored except to indicate a function is not __declspec(nothrow)
     1>c:\users\jwingert\documents\arduino\hackathon_rc_udp\udpserver\udpserver\practicalsocket.h(112): warning C4290: C++ exception specification ignored except to indicate a function is not __declspec(nothrow)
     1>c:\users\jwingert\documents\arduino\hackathon_rc_udp\udpserver\udpserver\practicalsocket.h(130): warning C4290: C++ exception specification ignored except to indicate a function is not __declspec(nothrow)
     1>c:\users\jwingert\documents\arduino\hackathon_rc_udp\udpserver\udpserver\practicalsocket.h(147): warning C4290: C++ exception specification ignored except to indicate a function is not __declspec(nothrow)
     1>c:\users\jwingert\documents\arduino\hackathon_rc_udp\udpserver\udpserver\practicalsocket.h(156): warning C4290: C++ exception specification ignored except to indicate a function is not __declspec(nothrow)
     1>c:\users\jwingert\documents\arduino\hackathon_rc_udp\udpserver\udpserver\practicalsocket.h(166): warning C4290: C++ exception specification ignored except to indicate a function is not __declspec(nothrow)
     1>c:\users\jwingert\documents\arduino\hackathon_rc_udp\udpserver\udpserver\practicalsocket.h(173): warning C4290: C++ exception specification ignored except to indicate a function is not __declspec(nothrow)
     1>c:\users\jwingert\documents\arduino\hackathon_rc_udp\udpserver\udpserver\practicalsocket.h(180): warning C4290: C++ exception specification ignored except to indicate a function is not __declspec(nothrow)
     1>c:\users\jwingert\documents\arduino\hackathon_rc_udp\udpserver\udpserver\practicalsocket.h(183): warning C4290: C++ exception specification ignored except to indicate a function is not __declspec(nothrow)
     1>c:\users\jwingert\documents\arduino\hackathon_rc_udp\udpserver\udpserver\practicalsocket.h(196): warning C4290: C++ exception specification ignored except to indicate a function is not __declspec(nothrow)
     1>c:\users\jwingert\documents\arduino\hackathon_rc_udp\udpserver\udpserver\practicalsocket.h(205): warning C4290: C++ exception specification ignored except to indicate a function is not __declspec(nothrow)
     1>c:\users\jwingert\documents\arduino\hackathon_rc_udp\udpserver\udpserver\practicalsocket.h(228): warning C4290: C++ exception specification ignored except to indicate a function is not __declspec(nothrow)
     1>c:\users\jwingert\documents\arduino\hackathon_rc_udp\udpserver\udpserver\practicalsocket.h(240): warning C4290: C++ exception specification ignored except to indicate a function is not __declspec(nothrow)
     1>c:\users\jwingert\documents\arduino\hackathon_rc_udp\udpserver\udpserver\practicalsocket.h(248): warning C4290: C++ exception specification ignored except to indicate a function is not __declspec(nothrow)
     1>c:\users\jwingert\documents\arduino\hackathon_rc_udp\udpserver\udpserver\practicalsocket.h(251): warning C4290: C++ exception specification ignored except to indicate a function is not __declspec(nothrow)
     1>c:\users\jwingert\documents\arduino\hackathon_rc_udp\udpserver\udpserver\practicalsocket.h(263): warning C4290: C++ exception specification ignored except to indicate a function is not __declspec(nothrow)
     1>c:\users\jwingert\documents\arduino\hackathon_rc_udp\udpserver\udpserver\practicalsocket.h(270): warning C4290: C++ exception specification ignored except to indicate a function is not __declspec(nothrow)
     1>c:\users\jwingert\documents\arduino\hackathon_rc_udp\udpserver\udpserver\practicalsocket.h(278): warning C4290: C++ exception specification ignored except to indicate a function is not __declspec(nothrow)
     1>c:\users\jwingert\documents\arduino\hackathon_rc_udp\udpserver\udpserver\practicalsocket.h(286): warning C4290: C++ exception specification ignored except to indicate a function is not __declspec(nothrow)
     1>c:\users\jwingert\documents\arduino\hackathon_rc_udp\udpserver\udpserver\practicalsocket.h(299): warning C4290: C++ exception specification ignored except to indicate a function is not __declspec(nothrow)
     1>c:\users\jwingert\documents\arduino\hackathon_rc_udp\udpserver\udpserver\practicalsocket.h(312): warning C4290: C++ exception specification ignored except to indicate a function is not __declspec(nothrow)
     1>c:\users\jwingert\documents\arduino\hackathon_rc_udp\udpserver\udpserver\practicalsocket.h(319): warning C4290: C++ exception specification ignored except to indicate a function is not __declspec(nothrow)
     1>c:\users\jwingert\documents\arduino\hackathon_rc_udp\udpserver\udpserver\practicalsocket.h(326): warning C4290: C++ exception specification ignored except to indicate a function is not __declspec(nothrow)
     1>c:\users\jwingert\documents\arduino\hackathon_rc_udp\udpserver\udpserver\practicalsocket.h(333): warning C4290: C++ exception specification ignored except to indicate a function is not __declspec(nothrow)
     1>c:\users\jwingert\documents\arduino\hackathon_rc_udp\udpserver\udpserver\commtransmitter.cpp(56): warning C4244: '=' : conversion from 'unsigned short' to 'uint8_t', possible loss of data
     1>c:\users\jwingert\documents\arduino\hackathon_rc_udp\udpserver\udpserver\commtransmitter.cpp(57): warning C4244: '=' : conversion from 'unsigned short' to 'uint8_t', possible loss of data
     1>c:\users\jwingert\documents\arduino\hackathon_rc_udp\udpserver\udpserver\commtransmitter.cpp(75): warning C4244: '=' : conversion from 'unsigned short' to 'uint8_t', possible loss of data
     1>c:\users\jwingert\documents\arduino\hackathon_rc_udp\udpserver\udpserver\commtransmitter.cpp(94): warning C4244: '=' : conversion from 'unsigned short' to 'uint8_t', possible loss of data
       Link:
         C:\Program Files (x86)\Microsoft Visual Studio 12.0\VC\bin\link.exe /ERRORREPORT:PROMPT /OUT:"C:\Users\jwingert\Documents\Arduino\hackathon_rc_udp\udpserver\udpserver\Debug\udpserver.exe" /INCREMENTAL /NOLOGO kernel32.lib user32.lib gdi32.lib winspool.lib comdlg32.lib advapi32.lib shell32.lib ole32.lib oleaut32.lib uuid.lib odbc32.lib odbccp32.lib /MANIFEST /MANIFESTUAC:"level='asInvoker' uiAccess='false'" /manifest:embed /DEBUG /PDB:"C:\Users\jwingert\Documents\Arduino\hackathon_rc_udp\udpserver\udpserver\Debug\udpserver.pdb" /SUBSYSTEM:CONSOLE /TLBID:1 /DYNAMICBASE /NXCOMPAT /IMPLIB:"C:\Users\jwingert\Documents\Arduino\hackathon_rc_udp\udpserver\udpserver\Debug\udpserver.lib" /MACHINE:X86 Debug\CommTransmitter.obj
         Debug\Crc32.obj
         Debug\PracticalSocket.obj
         Debug\TransmitterTransmitter.obj
         udpserver.vcxproj -> C:\Users\jwingert\Documents\Arduino\hackathon_rc_udp\udpserver\udpserver\Debug\udpserver.exe
     1>Done Building Project "C:\Users\jwingert\Documents\Arduino\hackathon_rc_udp\udpserver\udpserver\udpserver.vcxproj" (Build target(s)).

Build succeeded.

Time Elapsed 00:00:00.71
